 -
123<xml><appid><![CDATA[wxc7e3c8a2629a168b]]></appid>
<bank_type><![CDATA[OTHERS]]></bank_type>
<cash_fee><![CDATA[1]]></cash_fee>
<fee_type><![CDATA[CNY]]></fee_type>
<is_subscribe><![CDATA[N]]></is_subscribe>
<mch_id><![CDATA[1581252551]]></mch_id>
<nonce_str><![CDATA[0b9e782345cab4e47d44c672c945a923]]></nonce_str>
<openid><![CDATA[owKgL4-QjSsw0JbwTds1gMv8ulqA]]></openid>
<out_trade_no><![CDATA[202008211001026135468298]]></out_trade_no>
<result_code><![CDATA[SUCCESS]]></result_code>
<return_code><![CDATA[SUCCESS]]></return_code>
<sign><![CDATA[3EFCB9B2D49B5CCB7A88470B84A0FC07]]></sign>
<time_end><![CDATA[20200821180118]]></time_end>
<total_fee>1</total_fee>
<trade_type><![CDATA[NATIVE]]></trade_type>
<transaction_id><![CDATA[4200000680202008219314017013]]></transaction_id>
</xml><xml><appid><![CDATA[wxc7e3c8a2629a168b]]></appid>
<bank_type><![CDATA[OTHERS]]></bank_type>
<cash_fee><![CDATA[1]]></cash_fee>
<fee_type><![CDATA[CNY]]></fee_type>
<is_subscribe><![CDATA[N]]></is_subscribe>
<mch_id><![CDATA[1581252551]]></mch_id>
<nonce_str><![CDATA[0f4cc08067042d4d6f0230aef191424b]]></nonce_str>
<openid><![CDATA[owKgL4-QjSsw0JbwTds1gMv8ulqA]]></openid>
<out_trade_no><![CDATA[202008210951406161304347]]></out_trade_no>
<result_code><![CDATA[SUCCESS]]></result_code>
<return_code><![CDATA[SUCCESS]]></return_code>
<sign><![CDATA[1C21CF4F26BE56BBCF832D395F6D1D0F]]></sign>
<time_end><![CDATA[20200821175150]]></time_end>
<total_fee>1</total_fee>
<trade_type><![CDATA[NATIVE]]></trade_type>
<transaction_id><![CDATA[4200000695202008213465380865]]></transaction_id>
</xml><xml><appid><![CDATA[wxc7e3c8a2629a168b]]></appid>
<bank_type><![CDATA[OTHERS]]></bank_type>
<cash_fee><![CDATA[1]]></cash_fee>
<fee_type><![CDATA[CNY]]></fee_type>
<is_subscribe><![CDATA[N]]></is_subscribe>
<mch_id><![CDATA[1581252551]]></mch_id>
<nonce_str><![CDATA[0f4cc08067042d4d6f0230aef191424b]]></nonce_str>
<openid><![CDATA[owKgL4-QjSsw0JbwTds1gMv8ulqA]]></openid>
<out_trade_no><![CDATA[202008210951406161304347]]></out_trade_no>
<result_code><![CDATA[SUCCESS]]></result_code>
<return_code><![CDATA[SUCCESS]]></return_code>
<sign><![CDATA[1C21CF4F26BE56BBCF832D395F6D1D0F]]></sign>
<time_end><![CDATA[20200821175150]]></time_end>
<total_fee>1</total_fee>
<trade_type><![CDATA[NATIVE]]></trade_type>
<transaction_id><![CDATA[4200000695202008213465380865]]></transaction_id>
</xml><xml><appid><![CDATA[wxc7e3c8a2629a168b]]></appid>
<bank_type><![CDATA[OTHERS]]></bank_type>
<cash_fee><![CDATA[1]]></cash_fee>
<fee_type><![CDATA[CNY]]></fee_type>
<is_subscribe><![CDATA[N]]></is_subscribe>
<mch_id><![CDATA[1581252551]]></mch_id>
<nonce_str><![CDATA[8ee39ec32ef5e7742702ca30877d4419]]></nonce_str>
<openid><![CDATA[owKgL4-QjSsw0JbwTds1gMv8ulqA]]></openid>
<out_trade_no><![CDATA[202008210952316130621464]]></out_trade_no>
<result_code><![CDATA[SUCCESS]]></result_code>
<return_code><![CDATA[SUCCESS]]></return_code>
<sign><![CDATA[DE642C24B2A011B48EF0208BED4C7082]]></sign>
<time_end><![CDATA[20200821175251]]></time_end>
<total_fee>1</total_fee>
<trade_type><![CDATA[NATIVE]]></trade_type>
<transaction_id><![CDATA[4200000686202008212021004413]]></transaction_id>
</xml><xml><appid><![CDATA[wxc7e3c8a2629a168b]]></appid>
<bank_type><![CDATA[OTHERS]]></bank_type>
<cash_fee><![CDATA[1]]></cash_fee>
<fee_type><![CDATA[CNY]]></fee_type>
<is_subscribe><![CDATA[N]]></is_subscribe>
<mch_id><![CDATA[1581252551]]></mch_id>
<nonce_str><![CDATA[8cc82f16d15abaa0e0f2abb5cb6e10a9]]></nonce_str>
<openid><![CDATA[owKgL4-QjSsw0JbwTds1gMv8ulqA]]></openid>
<out_trade_no><![CDATA[202008211006456138276513]]></out_trade_no>
<result_code><![CDATA[SUCCESS]]></result_code>
<return_code><![CDATA[SUCCESS]]></return_code>
<sign><![CDATA[AAC5AE7891DD760A62744566E92171CE]]></sign>
<time_end><![CDATA[20200821180703]]></time_end>
<total_fee>1</total_fee>
<trade_type><![CDATA[NATIVE]]></trade_type>
<transaction_id><![CDATA[4200000691202008214623256452]]></transaction_id>
</xml><xml><appid><![CDATA[wxc7e3c8a2629a168b]]></appid>
<bank_type><![CDATA[OTHERS]]></bank_type>
<cash_fee><![CDATA[1]]></cash_fee>
<fee_type><![CDATA[CNY]]></fee_type>
<is_subscribe><![CDATA[N]]></is_subscribe>
<mch_id><![CDATA[1581252551]]></mch_id>
<nonce_str><![CDATA[3dbfc478075d0f640d5ba9884fe221d3]]></nonce_str>
<openid><![CDATA[owKgL4-QjSsw0JbwTds1gMv8ulqA]]></openid>
<out_trade_no><![CDATA[202008210956296126436049]]></out_trade_no>
<result_code><![CDATA[SUCCESS]]></result_code>
<return_code><![CDATA[SUCCESS]]></return_code>
<sign><![CDATA[B3F518E3A2EA1BB9C78FE284C57FD840]]></sign>
<time_end><![CDATA[20200821175642]]></time_end>
<total_fee>1</total_fee>
<trade_type><![CDATA[NATIVE]]></trade_type>
<transaction_id><![CDATA[4200000695202008219641497514]]></transaction_id>
</xml><xml><appid><![CDATA[wxc7e3c8a2629a168b]]></appid>
<bank_type><![CDATA[OTHERS]]></bank_type>
<cash_fee><![CDATA[1]]></cash_fee>
<fee_type><![CDATA[CNY]]></fee_type>
<is_subscribe><![CDATA[N]]></is_subscribe>
<mch_id><![CDATA[1581252551]]></mch_id>
<nonce_str><![CDATA[459a4c40b067bc9a760fe063fcc63e75]]></nonce_str>
<openid><![CDATA[owKgL4-QjSsw0JbwTds1gMv8ulqA]]></openid>
<out_trade_no><![CDATA[202008210959216148925448]]></out_trade_no>
<result_code><![CDATA[SUCCESS]]></result_code>
<return_code><![CDATA[SUCCESS]]></return_code>
<sign><![CDATA[E3D19239B0D21598598E4FD4C0054903]]></sign>
<time_end><![CDATA[20200821175932]]></time_end>
<total_fee>1</total_fee>
<trade_type><![CDATA[NATIVE]]></trade_type>
<transaction_id><![CDATA[4200000702202008216270837851]]></transaction_id>
</xml><xml><appid><![CDATA[wxc7e3c8a2629a168b]]></appid>
<bank_type><![CDATA[OTHERS]]></bank_type>
<cash_fee><![CDATA[1]]></cash_fee>
<fee_type><![CDATA[CNY]]></fee_type>
<is_subscribe><![CDATA[N]]></is_subscribe>
<mch_id><![CDATA[1581252551]]></mch_id>
<nonce_str><![CDATA[0b9e782345cab4e47d44c672c945a923]]></nonce_str>
<openid><![CDATA[owKgL4-QjSsw0JbwTds1gMv8ulqA]]></openid>
<out_trade_no><![CDATA[202008211001026135468298]]></out_trade_no>
<result_code><![CDATA[SUCCESS]]></result_code>
<return_code><![CDATA[SUCCESS]]></return_code>
<sign><![CDATA[3EFCB9B2D49B5CCB7A88470B84A0FC07]]></sign>
<time_end><![CDATA[20200821180118]]></time_end>
<total_fee>1</total_fee>
<trade_type><![CDATA[NATIVE]]></trade_type>
<transaction_id><![CDATA[4200000680202008219314017013]]></transaction_id>
</xml><xml><appid><![CDATA[wxc7e3c8a2629a168b]]></appid>
<bank_type><![CDATA[OTHERS]]></bank_type>
<cash_fee><![CDATA[1]]></cash_fee>
<fee_type><![CDATA[CNY]]></fee_type>
<is_subscribe><![CDATA[N]]></is_subscribe>
<mch_id><![CDATA[1581252551]]></mch_id>
<nonce_str><![CDATA[50fc1b6039f57c17a1ed704c13215162]]></nonce_str>
<openid><![CDATA[owKgL4-QjSsw0JbwTds1gMv8ulqA]]></openid>
<out_trade_no><![CDATA[202008210948006149540791]]></out_trade_no>
<result_code><![CDATA[SUCCESS]]></result_code>
<return_code><![CDATA[SUCCESS]]></return_code>
<sign><![CDATA[E80944D69F81126E38591ADB053B6A3B]]></sign>
<time_end><![CDATA[20200821174812]]></time_end>
<total_fee>1</total_fee>
<trade_type><![CDATA[NATIVE]]></trade_type>
<transaction_id><![CDATA[4200000679202008213348065942]]></transaction_id>
</xml><xml><appid><![CDATA[wxc7e3c8a2629a168b]]></appid>
<bank_type><![CDATA[OTHERS]]></bank_type>
<cash_fee><![CDATA[1]]></cash_fee>
<fee_type><![CDATA[CNY]]></fee_type>
<is_subscribe><![CDATA[N]]></is_subscribe>
<mch_id><![CDATA[1581252551]]></mch_id>
<nonce_str><![CDATA[0f4cc08067042d4d6f0230aef191424b]]></nonce_str>
<openid><![CDATA[owKgL4-QjSsw0JbwTds1gMv8ulqA]]></openid>
<out_trade_no><![CDATA[202008210951406161304347]]></out_trade_no>
<result_code><![CDATA[SUCCESS]]></result_code>
<return_code><![CDATA[SUCCESS]]></return_code>
<sign><![CDATA[1C21CF4F26BE56BBCF832D395F6D1D0F]]></sign>
<time_end><![CDATA[20200821175150]]></time_end>
<total_fee>1</total_fee>
<trade_type><![CDATA[NATIVE]]></trade_type>
<transaction_id><![CDATA[4200000695202008213465380865]]></transaction_id>
</xml><xml><appid><![CDATA[wxe2308e42d3c2048a]]></appid>
<bank_type><![CDATA[OTHERS]]></bank_type>
<cash_fee><![CDATA[1]]></cash_fee>
<fee_type><![CDATA[CNY]]></fee_type>
<is_subscribe><![CDATA[Y]]></is_subscribe>
<mch_id><![CDATA[1385937402]]></mch_id>
<nonce_str><![CDATA[4b42c507fd474e4d2161f4ddb084a77d]]></nonce_str>
<openid><![CDATA[oUb3RsvK36z5BfTRbqV7id-ZQwAc]]></openid>
<out_trade_no><![CDATA[202008210548206133641352]]></out_trade_no>
<result_code><![CDATA[SUCCESS]]></result_code>
<return_code><![CDATA[SUCCESS]]></return_code>
<sign><![CDATA[35122B2F816251747DB9034EEA579A49]]></sign>
<time_end><![CDATA[20200821134836]]></time_end>
<total_fee>1</total_fee>
<trade_type><![CDATA[NATIVE]]></trade_type>
<transaction_id><![CDATA[4200000723202008210825837333]]></transaction_id>
</xml><xml><appid><![CDATA[wxe2308e42d3c2048a]]></appid>
<bank_type><![CDATA[OTHERS]]></bank_type>
<cash_fee><![CDATA[1]]></cash_fee>
<fee_type><![CDATA[CNY]]></fee_type>
<is_subscribe><![CDATA[Y]]></is_subscribe>
<mch_id><![CDATA[1385937402]]></mch_id>
<nonce_str><![CDATA[913a1469e86f6cb9df1d87d88301949f]]></nonce_str>
<openid><![CDATA[oUb3RsvK36z5BfTRbqV7id-ZQwAc]]></openid>
<out_trade_no><![CDATA[202008210549536128715284]]></out_trade_no>
<result_code><![CDATA[SUCCESS]]></result_code>
<return_code><![CDATA[SUCCESS]]></return_code>
<sign><![CDATA[994DD5AF10CBF13C458CFB87218F91AA]]></sign>
<time_end><![CDATA[20200821135005]]></time_end>
<total_fee>1</total_fee>
<trade_type><![CDATA[NATIVE]]></trade_type>
<transaction_id><![CDATA[4200000723202008212037137694]]></transaction_id>
</xml><xml><appid><![CDATA[wxe2308e42d3c2048a]]></appid>
<bank_type><![CDATA[OTHERS]]></bank_type>
<cash_fee><![CDATA[1]]></cash_fee>
<fee_type><![CDATA[CNY]]></fee_type>
<is_subscribe><![CDATA[Y]]></is_subscribe>
<mch_id><![CDATA[1385937402]]></mch_id>
<nonce_str><![CDATA[a2f2695aad408c709153ee98095ff048]]></nonce_str>
<openid><![CDATA[oUb3RsvK36z5BfTRbqV7id-ZQwAc]]></openid>
<out_trade_no><![CDATA[202008210602046124947121]]></out_trade_no>
<result_code><![CDATA[SUCCESS]]></result_code>
<return_code><![CDATA[SUCCESS]]></return_code>
<sign><![CDATA[BFE8E6E1356A953808302B3116C2886E]]></sign>
<time_end><![CDATA[20200821140215]]></time_end>
<total_fee>1</total_fee>
<trade_type><![CDATA[NATIVE]]></trade_type>
<transaction_id><![CDATA[4200000709202008211364923296]]></transaction_id>
</xml><xml><appid><![CDATA[wxe2308e42d3c2048a]]></appid>
<bank_type><![CDATA[OTHERS]]></bank_type>
<cash_fee><![CDATA[1]]></cash_fee>
<fee_type><![CDATA[CNY]]></fee_type>
<is_subscribe><![CDATA[Y]]></is_subscribe>
<mch_id><![CDATA[1385937402]]></mch_id>
<nonce_str><![CDATA[4b42c507fd474e4d2161f4ddb084a77d]]></nonce_str>
<openid><![CDATA[oUb3RsvK36z5BfTRbqV7id-ZQwAc]]></openid>
<out_trade_no><![CDATA[202008210548206133641352]]></out_trade_no>
<result_code><![CDATA[SUCCESS]]></result_code>
<return_code><![CDATA[SUCCESS]]></return_code>
<sign><![CDATA[35122B2F816251747DB9034EEA579A49]]></sign>
<time_end><![CDATA[20200821134836]]></time_end>
<total_fee>1</total_fee>
<trade_type><![CDATA[NATIVE]]></trade_type>
<transaction_id><![CDATA[4200000723202008210825837333]]></transaction_id>
</xml><xml><appid><![CDATA[wxe2308e42d3c2048a]]></appid>
<bank_type><![CDATA[OTHERS]]></bank_type>
<cash_fee><![CDATA[1]]></cash_fee>
<fee_type><![CDATA[CNY]]></fee_type>
<is_subscribe><![CDATA[Y]]></is_subscribe>
<mch_id><![CDATA[1385937402]]></mch_id>
<nonce_str><![CDATA[913a1469e86f6cb9df1d87d88301949f]]></nonce_str>
<openid><![CDATA[oUb3RsvK36z5BfTRbqV7id-ZQwAc]]></openid>
<out_trade_no><![CDATA[202008210549536128715284]]></out_trade_no>
<result_code><![CDATA[SUCCESS]]></result_code>
<return_code><![CDATA[SUCCESS]]></return_code>
<sign><![CDATA[994DD5AF10CBF13C458CFB87218F91AA]]></sign>
<time_end><![CDATA[20200821135005]]></time_end>
<total_fee>1</total_fee>
<trade_type><![CDATA[NATIVE]]></trade_type>
<transaction_id><![CDATA[4200000723202008212037137694]]></transaction_id>
</xml><xml><appid><![CDATA[wxe2308e42d3c2048a]]></appid>
<bank_type><![CDATA[OTHERS]]></bank_type>
<cash_fee><![CDATA[1]]></cash_fee>
<fee_type><![CDATA[CNY]]></fee_type>
<is_subscribe><![CDATA[Y]]></is_subscribe>
<mch_id><![CDATA[1385937402]]></mch_id>
<nonce_str><![CDATA[a2f2695aad408c709153ee98095ff048]]></nonce_str>
<openid><![CDATA[oUb3RsvK36z5BfTRbqV7id-ZQwAc]]></openid>
<out_trade_no><![CDATA[202008210602046124947121]]></out_trade_no>
<result_code><![CDATA[SUCCESS]]></result_code>
<return_code><![CDATA[SUCCESS]]></return_code>
<sign><![CDATA[BFE8E6E1356A953808302B3116C2886E]]></sign>
<time_end><![CDATA[20200821140215]]></time_end>
<total_fee>1</total_fee>
<trade_type><![CDATA[NATIVE]]></trade_type>
<transaction_id><![CDATA[4200000709202008211364923296]]></transaction_id>
</xml><xml><appid><![CDATA[wxe2308e42d3c2048a]]></appid>
<bank_type><![CDATA[OTHERS]]></bank_type>
<cash_fee><![CDATA[99]]></cash_fee>
<fee_type><![CDATA[CNY]]></fee_type>
<is_subscribe><![CDATA[Y]]></is_subscribe>
<mch_id><![CDATA[1385937402]]></mch_id>
<nonce_str><![CDATA[6dfe28784d316029a0ec85bd69e0837f]]></nonce_str>
<openid><![CDATA[oUb3RsozTWUeCBp5yZ-RY_Hu7PfI]]></openid>
<out_trade_no><![CDATA[202008210353284329740534]]></out_trade_no>
<result_code><![CDATA[SUCCESS]]></result_code>
<return_code><![CDATA[SUCCESS]]></return_code>
<sign><![CDATA[09F597F39948F5C179439B3FA7F53B9F]]></sign>
<time_end><![CDATA[20200821115344]]></time_end>
<total_fee>99</total_fee>
<trade_type><![CDATA[NATIVE]]></trade_type>
<transaction_id><![CDATA[4200000723202008211119527654]]></transaction_id>
</xml><xml><appid><![CDATA[wxe2308e42d3c2048a]]></appid>
<bank_type><![CDATA[ICBC_DEBIT]]></bank_type>
<cash_fee><![CDATA[99]]></cash_fee>
<fee_type><![CDATA[CNY]]></fee_type>
<is_subscribe><![CDATA[Y]]></is_subscribe>
<mch_id><![CDATA[1385937402]]></mch_id>
<nonce_str><![CDATA[2c968067d326c49f90cc63ab87382bc6]]></nonce_str>
<openid><![CDATA[oUb3RsozTWUeCBp5yZ-RY_Hu7PfI]]></openid>
<out_trade_no><![CDATA[202008210355074324595201]]></out_trade_no>
<result_code><![CDATA[SUCCESS]]></result_code>
<return_code><![CDATA[SUCCESS]]></return_code>
<sign><![CDATA[413E5F3EDA34A58D93F3D3A5336EC036]]></sign>
<time_end><![CDATA[20200821115519]]></time_end>
<total_fee>99</total_fee>
<trade_type><![CDATA[NATIVE]]></trade_type>
<transaction_id><![CDATA[4200000718202008213793096711]]></transaction_id>
</xml><xml><appid><![CDATA[wxe2308e42d3c2048a]]></appid>
<bank_type><![CDATA[OTHERS]]></bank_type>
<cash_fee><![CDATA[99]]></cash_fee>
<fee_type><![CDATA[CNY]]></fee_type>
<is_subscribe><![CDATA[Y]]></is_subscribe>
<mch_id><![CDATA[1385937402]]></mch_id>
<nonce_str><![CDATA[6dfe28784d316029a0ec85bd69e0837f]]></nonce_str>
<openid><![CDATA[oUb3RsozTWUeCBp5yZ-RY_Hu7PfI]]></openid>
<out_trade_no><![CDATA[202008210353284329740534]]></out_trade_no>
<result_code><![CDATA[SUCCESS]]></result_code>
<return_code><![CDATA[SUCCESS]]></return_code>
<sign><![CDATA[09F597F39948F5C179439B3FA7F53B9F]]></sign>
<time_end><![CDATA[20200821115344]]></time_end>
<total_fee>99</total_fee>
<trade_type><![CDATA[NATIVE]]></trade_type>
<transaction_id><![CDATA[4200000723202008211119527654]]></transaction_id>
</xml><xml><appid><![CDATA[wxe2308e42d3c2048a]]></appid>
<bank_type><![CDATA[ICBC_DEBIT]]></bank_type>
<cash_fee><![CDATA[99]]></cash_fee>
<fee_type><![CDATA[CNY]]></fee_type>
<is_subscribe><![CDATA[Y]]></is_subscribe>
<mch_id><![CDATA[1385937402]]></mch_id>
<nonce_str><![CDATA[2c968067d326c49f90cc63ab87382bc6]]></nonce_str>
<openid><![CDATA[oUb3RsozTWUeCBp5yZ-RY_Hu7PfI]]></openid>
<out_trade_no><![CDATA[202008210355074324595201]]></out_trade_no>
<result_code><![CDATA[SUCCESS]]></result_code>
<return_code><![CDATA[SUCCESS]]></return_code>
<sign><![CDATA[413E5F3EDA34A58D93F3D3A5336EC036]]></sign>
<time_end><![CDATA[20200821115519]]></time_end>
<total_fee>99</total_fee>
<trade_type><![CDATA[NATIVE]]></trade_type>
<transaction_id><![CDATA[4200000718202008213793096711]]></transaction_id>
</xml><xml><appid><![CDATA[wxe2308e42d3c2048a]]></appid>
<bank_type><![CDATA[OTHERS]]></bank_type>
<cash_fee><![CDATA[1]]></cash_fee>
<fee_type><![CDATA[CNY]]></fee_type>
<is_subscribe><![CDATA[Y]]></is_subscribe>
<mch_id><![CDATA[1385937402]]></mch_id>
<nonce_str><![CDATA[4b42c507fd474e4d2161f4ddb084a77d]]></nonce_str>
<openid><![CDATA[oUb3RsvK36z5BfTRbqV7id-ZQwAc]]></openid>
<out_trade_no><![CDATA[202008210548206133641352]]></out_trade_no>
<result_code><![CDATA[SUCCESS]]></result_code>
<return_code><![CDATA[SUCCESS]]></return_code>
<sign><![CDATA[35122B2F816251747DB9034EEA579A49]]></sign>
<time_end><![CDATA[20200821134836]]></time_end>
<total_fee>1</total_fee>
<trade_type><![CDATA[NATIVE]]></trade_type>
<transaction_id><![CDATA[4200000723202008210825837333]]></transaction_id>
</xml><xml><appid><![CDATA[wxe2308e42d3c2048a]]></appid>
<bank_type><![CDATA[OTHERS]]></bank_type>
<cash_fee><![CDATA[1]]></cash_fee>
<fee_type><![CDATA[CNY]]></fee_type>
<is_subscribe><![CDATA[Y]]></is_subscribe>
<mch_id><![CDATA[1385937402]]></mch_id>
<nonce_str><![CDATA[913a1469e86f6cb9df1d87d88301949f]]></nonce_str>
<openid><![CDATA[oUb3RsvK36z5BfTRbqV7id-ZQwAc]]></openid>
<out_trade_no><![CDATA[202008210549536128715284]]></out_trade_no>
<result_code><![CDATA[SUCCESS]]></result_code>
<return_code><![CDATA[SUCCESS]]></return_code>
<sign><![CDATA[994DD5AF10CBF13C458CFB87218F91AA]]></sign>
<time_end><![CDATA[20200821135005]]></time_end>
<total_fee>1</total_fee>
<trade_type><![CDATA[NATIVE]]></trade_type>
<transaction_id><![CDATA[4200000723202008212037137694]]></transaction_id>
</xml><xml><appid><![CDATA[wxe2308e42d3c2048a]]></appid>
<bank_type><![CDATA[OTHERS]]></bank_type>
<cash_fee><![CDATA[1]]></cash_fee>
<fee_type><![CDATA[CNY]]></fee_type>
<is_subscribe><![CDATA[Y]]></is_subscribe>
<mch_id><![CDATA[1385937402]]></mch_id>
<nonce_str><![CDATA[a2f2695aad408c709153ee98095ff048]]></nonce_str>
<openid><![CDATA[oUb3RsvK36z5BfTRbqV7id-ZQwAc]]></openid>
<out_trade_no><![CDATA[202008210602046124947121]]></out_trade_no>
<result_code><![CDATA[SUCCESS]]></result_code>
<return_code><![CDATA[SUCCESS]]></return_code>
<sign><![CDATA[BFE8E6E1356A953808302B3116C2886E]]></sign>
<time_end><![CDATA[20200821140215]]></time_end>
<total_fee>1</total_fee>
<trade_type><![CDATA[NATIVE]]></trade_type>
<transaction_id><![CDATA[4200000709202008211364923296]]></transaction_id>
</xml><xml><appid><![CDATA[wxe2308e42d3c2048a]]></appid>
<bank_type><![CDATA[OTHERS]]></bank_type>
<cash_fee><![CDATA[1]]></cash_fee>
<fee_type><![CDATA[CNY]]></fee_type>
<is_subscribe><![CDATA[Y]]></is_subscribe>
<mch_id><![CDATA[1385937402]]></mch_id>
<nonce_str><![CDATA[4b42c507fd474e4d2161f4ddb084a77d]]></nonce_str>
<openid><![CDATA[oUb3RsvK36z5BfTRbqV7id-ZQwAc]]></openid>
<out_trade_no><![CDATA[202008210548206133641352]]></out_trade_no>
<result_code><![CDATA[SUCCESS]]></result_code>
<return_code><![CDATA[SUCCESS]]></return_code>
<sign><![CDATA[35122B2F816251747DB9034EEA579A49]]></sign>
<time_end><![CDATA[20200821134836]]></time_end>
<total_fee>1</total_fee>
<trade_type><![CDATA[NATIVE]]></trade_type>
<transaction_id><![CDATA[4200000723202008210825837333]]></transaction_id>
</xml><xml><appid><![CDATA[wxe2308e42d3c2048a]]></appid>
<bank_type><![CDATA[OTHERS]]></bank_type>
<cash_fee><![CDATA[1]]></cash_fee>
<fee_type><![CDATA[CNY]]></fee_type>
<is_subscribe><![CDATA[Y]]></is_subscribe>
<mch_id><![CDATA[1385937402]]></mch_id>
<nonce_str><![CDATA[913a1469e86f6cb9df1d87d88301949f]]></nonce_str>
<openid><![CDATA[oUb3RsvK36z5BfTRbqV7id-ZQwAc]]></openid>
<out_trade_no><![CDATA[202008210549536128715284]]></out_trade_no>
<result_code><![CDATA[SUCCESS]]></result_code>
<return_code><![CDATA[SUCCESS]]></return_code>
<sign><![CDATA[994DD5AF10CBF13C458CFB87218F91AA]]></sign>
<time_end><![CDATA[20200821135005]]></time_end>
<total_fee>1</total_fee>
<trade_type><![CDATA[NATIVE]]></trade_type>
<transaction_id><![CDATA[4200000723202008212037137694]]></transaction_id>
</xml><xml><appid><![CDATA[wxe2308e42d3c2048a]]></appid>
<bank_type><![CDATA[OTHERS]]></bank_type>
<cash_fee><![CDATA[1]]></cash_fee>
<fee_type><![CDATA[CNY]]></fee_type>
<is_subscribe><![CDATA[Y]]></is_subscribe>
<mch_id><![CDATA[1385937402]]></mch_id>
<nonce_str><![CDATA[a2f2695aad408c709153ee98095ff048]]></nonce_str>
<openid><![CDATA[oUb3RsvK36z5BfTRbqV7id-ZQwAc]]></openid>
<out_trade_no><![CDATA[202008210602046124947121]]></out_trade_no>
<result_code><![CDATA[SUCCESS]]></result_code>
<return_code><![CDATA[SUCCESS]]></return_code>
<sign><![CDATA[BFE8E6E1356A953808302B3116C2886E]]></sign>
<time_end><![CDATA[20200821140215]]></time_end>
<total_fee>1</total_fee>
<trade_type><![CDATA[NATIVE]]></trade_type>
<transaction_id><![CDATA[4200000709202008211364923296]]></transaction_id>
</xml><xml><appid><![CDATA[wxe2308e42d3c2048a]]></appid>
<bank_type><![CDATA[OTHERS]]></bank_type>
<cash_fee><![CDATA[99]]></cash_fee>
<fee_type><![CDATA[CNY]]></fee_type>
<is_subscribe><![CDATA[Y]]></is_subscribe>
<mch_id><![CDATA[1385937402]]></mch_id>
<nonce_str><![CDATA[6dfe28784d316029a0ec85bd69e0837f]]></nonce_str>
<openid><![CDATA[oUb3RsozTWUeCBp5yZ-RY_Hu7PfI]]></openid>
<out_trade_no><![CDATA[202008210353284329740534]]></out_trade_no>
<result_code><![CDATA[SUCCESS]]></result_code>
<return_code><![CDATA[SUCCESS]]></return_code>
<sign><![CDATA[09F597F39948F5C179439B3FA7F53B9F]]></sign>
<time_end><![CDATA[20200821115344]]></time_end>
<total_fee>99</total_fee>
<trade_type><![CDATA[NATIVE]]></trade_type>
<transaction_id><![CDATA[4200000723202008211119527654]]></transaction_id>
</xml><xml><appid><![CDATA[wxe2308e42d3c2048a]]></appid>
<bank_type><![CDATA[ICBC_DEBIT]]></bank_type>
<cash_fee><![CDATA[99]]></cash_fee>
<fee_type><![CDATA[CNY]]></fee_type>
<is_subscribe><![CDATA[Y]]></is_subscribe>
<mch_id><![CDATA[1385937402]]></mch_id>
<nonce_str><![CDATA[2c968067d326c49f90cc63ab87382bc6]]></nonce_str>
<openid><![CDATA[oUb3RsozTWUeCBp5yZ-RY_Hu7PfI]]></openid>
<out_trade_no><![CDATA[202008210355074324595201]]></out_trade_no>
<result_code><![CDATA[SUCCESS]]></result_code>
<return_code><![CDATA[SUCCESS]]></return_code>
<sign><![CDATA[413E5F3EDA34A58D93F3D3A5336EC036]]></sign>
<time_end><![CDATA[20200821115519]]></time_end>
<total_fee>99</total_fee>
<trade_type><![CDATA[NATIVE]]></trade_type>
<transaction_id><![CDATA[4200000718202008213793096711]]></transaction_id>
</xml><xml><appid><![CDATA[wxe2308e42d3c2048a]]></appid>
<bank_type><![CDATA[OTHERS]]></bank_type>
<cash_fee><![CDATA[99]]></cash_fee>
<fee_type><![CDATA[CNY]]></fee_type>
<is_subscribe><![CDATA[Y]]></is_subscribe>
<mch_id><![CDATA[1385937402]]></mch_id>
<nonce_str><![CDATA[6dfe28784d316029a0ec85bd69e0837f]]></nonce_str>
<openid><![CDATA[oUb3RsozTWUeCBp5yZ-RY_Hu7PfI]]></openid>
<out_trade_no><![CDATA[202008210353284329740534]]></out_trade_no>
<result_code><![CDATA[SUCCESS]]></result_code>
<return_code><![CDATA[SUCCESS]]></return_code>
<sign><![CDATA[09F597F39948F5C179439B3FA7F53B9F]]></sign>
<time_end><![CDATA[20200821115344]]></time_end>
<total_fee>99</total_fee>
<trade_type><![CDATA[NATIVE]]></trade_type>
<transaction_id><![CDATA[4200000723202008211119527654]]></transaction_id>
</xml><xml><appid><![CDATA[wxe2308e42d3c2048a]]></appid>
<bank_type><![CDATA[ICBC_DEBIT]]></bank_type>
<cash_fee><![CDATA[99]]></cash_fee>
<fee_type><![CDATA[CNY]]></fee_type>
<is_subscribe><![CDATA[Y]]></is_subscribe>
<mch_id><![CDATA[1385937402]]></mch_id>
<nonce_str><![CDATA[2c968067d326c49f90cc63ab87382bc6]]></nonce_str>
<openid><![CDATA[oUb3RsozTWUeCBp5yZ-RY_Hu7PfI]]></openid>
<out_trade_no><![CDATA[202008210355074324595201]]></out_trade_no>
<result_code><![CDATA[SUCCESS]]></result_code>
<return_code><![CDATA[SUCCESS]]></return_code>
<sign><![CDATA[413E5F3EDA34A58D93F3D3A5336EC036]]></sign>
<time_end><![CDATA[20200821115519]]></time_end>
<total_fee>99</total_fee>
<trade_type><![CDATA[NATIVE]]></trade_type>
<transaction_id><![CDATA[4200000718202008213793096711]]></transaction_id>
</xml><xml><appid><![CDATA[wxe2308e42d3c2048a]]></appid>
<bank_type><![CDATA[OTHERS]]></bank_type>
<cash_fee><![CDATA[1]]></cash_fee>
<fee_type><![CDATA[CNY]]></fee_type>
<is_subscribe><![CDATA[Y]]></is_subscribe>
<mch_id><![CDATA[1385937402]]></mch_id>
<nonce_str><![CDATA[4b42c507fd474e4d2161f4ddb084a77d]]></nonce_str>
<openid><![CDATA[oUb3RsvK36z5BfTRbqV7id-ZQwAc]]></openid>
<out_trade_no><![CDATA[202008210548206133641352]]></out_trade_no>
<result_code><![CDATA[SUCCESS]]></result_code>
<return_code><![CDATA[SUCCESS]]></return_code>
<sign><![CDATA[35122B2F816251747DB9034EEA579A49]]></sign>
<time_end><![CDATA[20200821134836]]></time_end>
<total_fee>1</total_fee>
<trade_type><![CDATA[NATIVE]]></trade_type>
<transaction_id><![CDATA[4200000723202008210825837333]]></transaction_id>
</xml><xml><appid><![CDATA[wxe2308e42d3c2048a]]></appid>
<bank_type><![CDATA[OTHERS]]></bank_type>
<cash_fee><![CDATA[1]]></cash_fee>
<fee_type><![CDATA[CNY]]></fee_type>
<is_subscribe><![CDATA[Y]]></is_subscribe>
<mch_id><![CDATA[1385937402]]></mch_id>
<nonce_str><![CDATA[913a1469e86f6cb9df1d87d88301949f]]></nonce_str>
<openid><![CDATA[oUb3RsvK36z5BfTRbqV7id-ZQwAc]]></openid>
<out_trade_no><![CDATA[202008210549536128715284]]></out_trade_no>
<result_code><![CDATA[SUCCESS]]></result_code>
<return_code><![CDATA[SUCCESS]]></return_code>
<sign><![CDATA[994DD5AF10CBF13C458CFB87218F91AA]]></sign>
<time_end><![CDATA[20200821135005]]></time_end>
<total_fee>1</total_fee>
<trade_type><![CDATA[NATIVE]]></trade_type>
<transaction_id><![CDATA[4200000723202008212037137694]]></transaction_id>
</xml><xml><appid><![CDATA[wxe2308e42d3c2048a]]></appid>
<bank_type><![CDATA[OTHERS]]></bank_type>
<cash_fee><![CDATA[1]]></cash_fee>
<fee_type><![CDATA[CNY]]></fee_type>
<is_subscribe><![CDATA[Y]]></is_subscribe>
<mch_id><![CDATA[1385937402]]></mch_id>
<nonce_str><![CDATA[a2f2695aad408c709153ee98095ff048]]></nonce_str>
<openid><![CDATA[oUb3RsvK36z5BfTRbqV7id-ZQwAc]]></openid>
<out_trade_no><![CDATA[202008210602046124947121]]></out_trade_no>
<result_code><![CDATA[SUCCESS]]></result_code>
<return_code><![CDATA[SUCCESS]]></return_code>
<sign><![CDATA[BFE8E6E1356A953808302B3116C2886E]]></sign>
<time_end><![CDATA[20200821140215]]></time_end>
<total_fee>1</total_fee>
<trade_type><![CDATA[NATIVE]]></trade_type>
<transaction_id><![CDATA[4200000709202008211364923296]]></transaction_id>
</xml><xml><appid><![CDATA[wxe2308e42d3c2048a]]></appid>
<bank_type><![CDATA[OTHERS]]></bank_type>
<cash_fee><![CDATA[1]]></cash_fee>
<fee_type><![CDATA[CNY]]></fee_type>
<is_subscribe><![CDATA[Y]]></is_subscribe>
<mch_id><![CDATA[1385937402]]></mch_id>
<nonce_str><![CDATA[4b42c507fd474e4d2161f4ddb084a77d]]></nonce_str>
<openid><![CDATA[oUb3RsvK36z5BfTRbqV7id-ZQwAc]]></openid>
<out_trade_no><![CDATA[202008210548206133641352]]></out_trade_no>
<result_code><![CDATA[SUCCESS]]></result_code>
<return_code><![CDATA[SUCCESS]]></return_code>
<sign><![CDATA[35122B2F816251747DB9034EEA579A49]]></sign>
<time_end><![CDATA[20200821134836]]></time_end>
<total_fee>1</total_fee>
<trade_type><![CDATA[NATIVE]]></trade_type>
<transaction_id><![CDATA[4200000723202008210825837333]]></transaction_id>
</xml><xml><appid><![CDATA[wxe2308e42d3c2048a]]></appid>
<bank_type><![CDATA[OTHERS]]></bank_type>
<cash_fee><![CDATA[1]]></cash_fee>
<fee_type><![CDATA[CNY]]></fee_type>
<is_subscribe><![CDATA[Y]]></is_subscribe>
<mch_id><![CDATA[1385937402]]></mch_id>
<nonce_str><![CDATA[913a1469e86f6cb9df1d87d88301949f]]></nonce_str>
<openid><![CDATA[oUb3RsvK36z5BfTRbqV7id-ZQwAc]]></openid>
<out_trade_no><![CDATA[202008210549536128715284]]></out_trade_no>
<result_code><![CDATA[SUCCESS]]></result_code>
<return_code><![CDATA[SUCCESS]]></return_code>
<sign><![CDATA[994DD5AF10CBF13C458CFB87218F91AA]]></sign>
<time_end><![CDATA[20200821135005]]></time_end>
<total_fee>1</total_fee>
<trade_type><![CDATA[NATIVE]]></trade_type>
<transaction_id><![CDATA[4200000723202008212037137694]]></transaction_id>
</xml><xml><appid><![CDATA[wxe2308e42d3c2048a]]></appid>
<bank_type><![CDATA[OTHERS]]></bank_type>
<cash_fee><![CDATA[1]]></cash_fee>
<fee_type><![CDATA[CNY]]></fee_type>
<is_subscribe><![CDATA[Y]]></is_subscribe>
<mch_id><![CDATA[1385937402]]></mch_id>
<nonce_str><![CDATA[a2f2695aad408c709153ee98095ff048]]></nonce_str>
<openid><![CDATA[oUb3RsvK36z5BfTRbqV7id-ZQwAc]]></openid>
<out_trade_no><![CDATA[202008210602046124947121]]></out_trade_no>
<result_code><![CDATA[SUCCESS]]></result_code>
<return_code><![CDATA[SUCCESS]]></return_code>
<sign><![CDATA[BFE8E6E1356A953808302B3116C2886E]]></sign>
<time_end><![CDATA[20200821140215]]></time_end>
<total_fee>1</total_fee>
<trade_type><![CDATA[NATIVE]]></trade_type>
<transaction_id><![CDATA[4200000709202008211364923296]]></transaction_id>
</xml><xml><appid><![CDATA[wxe2308e42d3c2048a]]></appid>
<bank_type><![CDATA[OTHERS]]></bank_type>
<cash_fee><![CDATA[99]]></cash_fee>
<fee_type><![CDATA[CNY]]></fee_type>
<is_subscribe><![CDATA[Y]]></is_subscribe>
<mch_id><![CDATA[1385937402]]></mch_id>
<nonce_str><![CDATA[6dfe28784d316029a0ec85bd69e0837f]]></nonce_str>
<openid><![CDATA[oUb3RsozTWUeCBp5yZ-RY_Hu7PfI]]></openid>
<out_trade_no><![CDATA[202008210353284329740534]]></out_trade_no>
<result_code><![CDATA[SUCCESS]]></result_code>
<return_code><![CDATA[SUCCESS]]></return_code>
<sign><![CDATA[09F597F39948F5C179439B3FA7F53B9F]]></sign>
<time_end><![CDATA[20200821115344]]></time_end>
<total_fee>99</total_fee>
<trade_type><![CDATA[NATIVE]]></trade_type>
<transaction_id><![CDATA[4200000723202008211119527654]]></transaction_id>
</xml><xml><appid><![CDATA[wxe2308e42d3c2048a]]></appid>
<bank_type><![CDATA[ICBC_DEBIT]]></bank_type>
<cash_fee><![CDATA[99]]></cash_fee>
<fee_type><![CDATA[CNY]]></fee_type>
<is_subscribe><![CDATA[Y]]></is_subscribe>
<mch_id><![CDATA[1385937402]]></mch_id>
<nonce_str><![CDATA[2c968067d326c49f90cc63ab87382bc6]]></nonce_str>
<openid><![CDATA[oUb3RsozTWUeCBp5yZ-RY_Hu7PfI]]></openid>
<out_trade_no><![CDATA[202008210355074324595201]]></out_trade_no>
<result_code><![CDATA[SUCCESS]]></result_code>
<return_code><![CDATA[SUCCESS]]></return_code>
<sign><![CDATA[413E5F3EDA34A58D93F3D3A5336EC036]]></sign>
<time_end><![CDATA[20200821115519]]></time_end>
<total_fee>99</total_fee>
<trade_type><![CDATA[NATIVE]]></trade_type>
<transaction_id><![CDATA[4200000718202008213793096711]]></transaction_id>
</xml><xml><appid><![CDATA[wxe2308e42d3c2048a]]></appid>
<bank_type><![CDATA[OTHERS]]></bank_type>
<cash_fee><![CDATA[99]]></cash_fee>
<fee_type><![CDATA[CNY]]></fee_type>
<is_subscribe><![CDATA[Y]]></is_subscribe>
<mch_id><![CDATA[1385937402]]></mch_id>
<nonce_str><![CDATA[6dfe28784d316029a0ec85bd69e0837f]]></nonce_str>
<openid><![CDATA[oUb3RsozTWUeCBp5yZ-RY_Hu7PfI]]></openid>
<out_trade_no><![CDATA[202008210353284329740534]]></out_trade_no>
<result_code><![CDATA[SUCCESS]]></result_code>
<return_code><![CDATA[SUCCESS]]></return_code>
<sign><![CDATA[09F597F39948F5C179439B3FA7F53B9F]]></sign>
<time_end><![CDATA[20200821115344]]></time_end>
<total_fee>99</total_fee>
<trade_type><![CDATA[NATIVE]]></trade_type>
<transaction_id><![CDATA[4200000723202008211119527654]]></transaction_id>
</xml><xml><appid><![CDATA[wxe2308e42d3c2048a]]></appid>
<bank_type><![CDATA[ICBC_DEBIT]]></bank_type>
<cash_fee><![CDATA[99]]></cash_fee>
<fee_type><![CDATA[CNY]]></fee_type>
<is_subscribe><![CDATA[Y]]></is_subscribe>
<mch_id><![CDATA[1385937402]]></mch_id>
<nonce_str><![CDATA[2c968067d326c49f90cc63ab87382bc6]]></nonce_str>
<openid><![CDATA[oUb3RsozTWUeCBp5yZ-RY_Hu7PfI]]></openid>
<out_trade_no><![CDATA[202008210355074324595201]]></out_trade_no>
<result_code><![CDATA[SUCCESS]]></result_code>
<return_code><![CDATA[SUCCESS]]></return_code>
<sign><![CDATA[413E5F3EDA34A58D93F3D3A5336EC036]]></sign>
<time_end><![CDATA[20200821115519]]></time_end>
<total_fee>99</total_fee>
<trade_type><![CDATA[NATIVE]]></trade_type>
<transaction_id><![CDATA[4200000718202008213793096711]]></transaction_id>
</xml><xml><appid><![CDATA[wxe2308e42d3c2048a]]></appid>
<bank_type><![CDATA[OTHERS]]></bank_type>
<cash_fee><![CDATA[1]]></cash_fee>
<fee_type><![CDATA[CNY]]></fee_type>
<is_subscribe><![CDATA[Y]]></is_subscribe>
<mch_id><![CDATA[1385937402]]></mch_id>
<nonce_str><![CDATA[4b42c507fd474e4d2161f4ddb084a77d]]></nonce_str>
<openid><![CDATA[oUb3RsvK36z5BfTRbqV7id-ZQwAc]]></openid>
<out_trade_no><![CDATA[202008210548206133641352]]></out_trade_no>
<result_code><![CDATA[SUCCESS]]></result_code>
<return_code><![CDATA[SUCCESS]]></return_code>
<sign><![CDATA[35122B2F816251747DB9034EEA579A49]]></sign>
<time_end><![CDATA[20200821134836]]></time_end>
<total_fee>1</total_fee>
<trade_type><![CDATA[NATIVE]]></trade_type>
<transaction_id><![CDATA[4200000723202008210825837333]]></transaction_id>
</xml><xml><appid><![CDATA[wxe2308e42d3c2048a]]></appid>
<bank_type><![CDATA[OTHERS]]></bank_type>
<cash_fee><![CDATA[1]]></cash_fee>
<fee_type><![CDATA[CNY]]></fee_type>
<is_subscribe><![CDATA[Y]]></is_subscribe>
<mch_id><![CDATA[1385937402]]></mch_id>
<nonce_str><![CDATA[913a1469e86f6cb9df1d87d88301949f]]></nonce_str>
<openid><![CDATA[oUb3RsvK36z5BfTRbqV7id-ZQwAc]]></openid>
<out_trade_no><![CDATA[202008210549536128715284]]></out_trade_no>
<result_code><![CDATA[SUCCESS]]></result_code>
<return_code><![CDATA[SUCCESS]]></return_code>
<sign><![CDATA[994DD5AF10CBF13C458CFB87218F91AA]]></sign>
<time_end><![CDATA[20200821135005]]></time_end>
<total_fee>1</total_fee>
<trade_type><![CDATA[NATIVE]]></trade_type>
<transaction_id><![CDATA[4200000723202008212037137694]]></transaction_id>
</xml><xml><appid><![CDATA[wxe2308e42d3c2048a]]></appid>
<bank_type><![CDATA[OTHERS]]></bank_type>
<cash_fee><![CDATA[1]]></cash_fee>
<fee_type><![CDATA[CNY]]></fee_type>
<is_subscribe><![CDATA[Y]]></is_subscribe>
<mch_id><![CDATA[1385937402]]></mch_id>
<nonce_str><![CDATA[a2f2695aad408c709153ee98095ff048]]></nonce_str>
<openid><![CDATA[oUb3RsvK36z5BfTRbqV7id-ZQwAc]]></openid>
<out_trade_no><![CDATA[202008210602046124947121]]></out_trade_no>
<result_code><![CDATA[SUCCESS]]></result_code>
<return_code><![CDATA[SUCCESS]]></return_code>
<sign><![CDATA[BFE8E6E1356A953808302B3116C2886E]]></sign>
<time_end><![CDATA[20200821140215]]></time_end>
<total_fee>1</total_fee>
<trade_type><![CDATA[NATIVE]]></trade_type>
<transaction_id><![CDATA[4200000709202008211364923296]]></transaction_id>
</xml><xml><appid><![CDATA[wxe2308e42d3c2048a]]></appid>
<bank_type><![CDATA[OTHERS]]></bank_type>
<cash_fee><![CDATA[1]]></cash_fee>
<fee_type><![CDATA[CNY]]></fee_type>
<is_subscribe><![CDATA[Y]]></is_subscribe>
<mch_id><![CDATA[1385937402]]></mch_id>
<nonce_str><![CDATA[4b42c507fd474e4d2161f4ddb084a77d]]></nonce_str>
<openid><![CDATA[oUb3RsvK36z5BfTRbqV7id-ZQwAc]]></openid>
<out_trade_no><![CDATA[202008210548206133641352]]></out_trade_no>
<result_code><![CDATA[SUCCESS]]></result_code>
<return_code><![CDATA[SUCCESS]]></return_code>
<sign><![CDATA[35122B2F816251747DB9034EEA579A49]]></sign>
<time_end><![CDATA[20200821134836]]></time_end>
<total_fee>1</total_fee>
<trade_type><![CDATA[NATIVE]]></trade_type>
<transaction_id><![CDATA[4200000723202008210825837333]]></transaction_id>
</xml><xml><appid><![CDATA[wxe2308e42d3c2048a]]></appid>
<bank_type><![CDATA[OTHERS]]></bank_type>
<cash_fee><![CDATA[1]]></cash_fee>
<fee_type><![CDATA[CNY]]></fee_type>
<is_subscribe><![CDATA[Y]]></is_subscribe>
<mch_id><![CDATA[1385937402]]></mch_id>
<nonce_str><![CDATA[913a1469e86f6cb9df1d87d88301949f]]></nonce_str>
<openid><![CDATA[oUb3RsvK36z5BfTRbqV7id-ZQwAc]]></openid>
<out_trade_no><![CDATA[202008210549536128715284]]></out_trade_no>
<result_code><![CDATA[SUCCESS]]></result_code>
<return_code><![CDATA[SUCCESS]]></return_code>
<sign><![CDATA[994DD5AF10CBF13C458CFB87218F91AA]]></sign>
<time_end><![CDATA[20200821135005]]></time_end>
<total_fee>1</total_fee>
<trade_type><![CDATA[NATIVE]]></trade_type>
<transaction_id><![CDATA[4200000723202008212037137694]]></transaction_id>
</xml><xml><appid><![CDATA[wxe2308e42d3c2048a]]></appid>
<bank_type><![CDATA[OTHERS]]></bank_type>
<cash_fee><![CDATA[1]]></cash_fee>
<fee_type><![CDATA[CNY]]></fee_type>
<is_subscribe><![CDATA[Y]]></is_subscribe>
<mch_id><![CDATA[1385937402]]></mch_id>
<nonce_str><![CDATA[a2f2695aad408c709153ee98095ff048]]></nonce_str>
<openid><![CDATA[oUb3RsvK36z5BfTRbqV7id-ZQwAc]]></openid>
<out_trade_no><![CDATA[202008210602046124947121]]></out_trade_no>
<result_code><![CDATA[SUCCESS]]></result_code>
<return_code><![CDATA[SUCCESS]]></return_code>
<sign><![CDATA[BFE8E6E1356A953808302B3116C2886E]]></sign>
<time_end><![CDATA[20200821140215]]></time_end>
<total_fee>1</total_fee>
<trade_type><![CDATA[NATIVE]]></trade_type>
<transaction_id><![CDATA[4200000709202008211364923296]]></transaction_id>
</xml><xml><appid><![CDATA[wxe2308e42d3c2048a]]></appid>
<bank_type><![CDATA[OTHERS]]></bank_type>
<cash_fee><![CDATA[99]]></cash_fee>
<fee_type><![CDATA[CNY]]></fee_type>
<is_subscribe><![CDATA[Y]]></is_subscribe>
<mch_id><![CDATA[1385937402]]></mch_id>
<nonce_str><![CDATA[6dfe28784d316029a0ec85bd69e0837f]]></nonce_str>
<openid><![CDATA[oUb3RsozTWUeCBp5yZ-RY_Hu7PfI]]></openid>
<out_trade_no><![CDATA[202008210353284329740534]]></out_trade_no>
<result_code><![CDATA[SUCCESS]]></result_code>
<return_code><![CDATA[SUCCESS]]></return_code>
<sign><![CDATA[09F597F39948F5C179439B3FA7F53B9F]]></sign>
<time_end><![CDATA[20200821115344]]></time_end>
<total_fee>99</total_fee>
<trade_type><![CDATA[NATIVE]]></trade_type>
<transaction_id><![CDATA[4200000723202008211119527654]]></transaction_id>
</xml><xml><appid><![CDATA[wxe2308e42d3c2048a]]></appid>
<bank_type><![CDATA[ICBC_DEBIT]]></bank_type>
<cash_fee><![CDATA[99]]></cash_fee>
<fee_type><![CDATA[CNY]]></fee_type>
<is_subscribe><![CDATA[Y]]></is_subscribe>
<mch_id><![CDATA[1385937402]]></mch_id>
<nonce_str><![CDATA[2c968067d326c49f90cc63ab87382bc6]]></nonce_str>
<openid><![CDATA[oUb3RsozTWUeCBp5yZ-RY_Hu7PfI]]></openid>
<out_trade_no><![CDATA[202008210355074324595201]]></out_trade_no>
<result_code><![CDATA[SUCCESS]]></result_code>
<return_code><![CDATA[SUCCESS]]></return_code>
<sign><![CDATA[413E5F3EDA34A58D93F3D3A5336EC036]]></sign>
<time_end><![CDATA[20200821115519]]></time_end>
<total_fee>99</total_fee>
<trade_type><![CDATA[NATIVE]]></trade_type>
<transaction_id><![CDATA[4200000718202008213793096711]]></transaction_id>
</xml><xml><appid><![CDATA[wxe2308e42d3c2048a]]></appid>
<bank_type><![CDATA[OTHERS]]></bank_type>
<cash_fee><![CDATA[1]]></cash_fee>
<fee_type><![CDATA[CNY]]></fee_type>
<is_subscribe><![CDATA[Y]]></is_subscribe>
<mch_id><![CDATA[1385937402]]></mch_id>
<nonce_str><![CDATA[4b42c507fd474e4d2161f4ddb084a77d]]></nonce_str>
<openid><![CDATA[oUb3RsvK36z5BfTRbqV7id-ZQwAc]]></openid>
<out_trade_no><![CDATA[202008210548206133641352]]></out_trade_no>
<result_code><![CDATA[SUCCESS]]></result_code>
<return_code><![CDATA[SUCCESS]]></return_code>
<sign><![CDATA[35122B2F816251747DB9034EEA579A49]]></sign>
<time_end><![CDATA[20200821134836]]></time_end>
<total_fee>1</total_fee>
<trade_type><![CDATA[NATIVE]]></trade_type>
<transaction_id><![CDATA[4200000723202008210825837333]]></transaction_id>
</xml><xml><appid><![CDATA[wxe2308e42d3c2048a]]></appid>
<bank_type><![CDATA[OTHERS]]></bank_type>
<cash_fee><![CDATA[1]]></cash_fee>
<fee_type><![CDATA[CNY]]></fee_type>
<is_subscribe><![CDATA[Y]]></is_subscribe>
<mch_id><![CDATA[1385937402]]></mch_id>
<nonce_str><![CDATA[913a1469e86f6cb9df1d87d88301949f]]></nonce_str>
<openid><![CDATA[oUb3RsvK36z5BfTRbqV7id-ZQwAc]]></openid>
<out_trade_no><![CDATA[202008210549536128715284]]></out_trade_no>
<result_code><![CDATA[SUCCESS]]></result_code>
<return_code><![CDATA[SUCCESS]]></return_code>
<sign><![CDATA[994DD5AF10CBF13C458CFB87218F91AA]]></sign>
<time_end><![CDATA[20200821135005]]></time_end>
<total_fee>1</total_fee>
<trade_type><![CDATA[NATIVE]]></trade_type>
<transaction_id><![CDATA[4200000723202008212037137694]]></transaction_id>
</xml><xml><appid><![CDATA[wxe2308e42d3c2048a]]></appid>
<bank_type><![CDATA[OTHERS]]></bank_type>
<cash_fee><![CDATA[1]]></cash_fee>
<fee_type><![CDATA[CNY]]></fee_type>
<is_subscribe><![CDATA[Y]]></is_subscribe>
<mch_id><![CDATA[1385937402]]></mch_id>
<nonce_str><![CDATA[a2f2695aad408c709153ee98095ff048]]></nonce_str>
<openid><![CDATA[oUb3RsvK36z5BfTRbqV7id-ZQwAc]]></openid>
<out_trade_no><![CDATA[202008210602046124947121]]></out_trade_no>
<result_code><![CDATA[SUCCESS]]></result_code>
<return_code><![CDATA[SUCCESS]]></return_code>
<sign><![CDATA[BFE8E6E1356A953808302B3116C2886E]]></sign>
<time_end><![CDATA[20200821140215]]></time_end>
<total_fee>1</total_fee>
<trade_type><![CDATA[NATIVE]]></trade_type>
<transaction_id><![CDATA[4200000709202008211364923296]]></transaction_id>
</xml>